2018-02-08 13:04:16,683 - Velocimacro :  VM library template macro registration complete.
2018-02-08 13:04:16,683 - Velocimacro : allowInline = true : VMs can be defined inline in templates
2018-02-08 13:04:16,683 - Velocimacro : allowInlineToOverride = false : VMs defined inline may NOT replace previous VM definitions
2018-02-08 13:04:16,683 - Velocimacro : allowInlineLocal = false : VMs defined inline will be  global in scope if allowed.
2018-02-08 13:04:16,683 - Velocimacro : messages on  : VM system will output logging messages
2018-02-08 13:04:16,683 - Velocimacro : autoload off  : VM system will not automatically reload global library macros
2018-02-08 13:04:16,683 - Velocimacro : initialization complete.
2018-02-08 13:04:16,683 - Velocity successfully started.
2018-02-08 13:16:14,838 - SimpleLog4JLogSystem initialized using logfile 'velocity.log'
2018-02-08 13:16:14,838 - ************************************************************** 
2018-02-08 13:16:14,838 - Starting Jakarta Velocity v1.4
2018-02-08 13:16:14,838 - RuntimeInstance initializing.
2018-02-08 13:16:14,838 - Default Properties File: org/apache/velocity/runtime/defaults/velocity.properties
2018-02-08 13:16:14,838 - Trying to use logger class org.apache.velocity.runtime.log.SimpleLog4JLogSystem
2018-02-08 13:16:14,838 - Using logger class org.apache.velocity.runtime.log.SimpleLog4JLogSystem
2018-02-08 13:16:14,842 - Default ResourceManager initializing. (class org.apache.velocity.runtime.resource.ResourceManagerImpl)
2018-02-08 13:16:14,846 - Resource Loader Instantiated: org.apache.velocity.runtime.resource.loader.ClasspathResourceLoader
2018-02-08 13:16:14,847 - ClasspathResourceLoader : initialization starting.
2018-02-08 13:16:14,847 - ClasspathResourceLoader : initialization complete.
2018-02-08 13:16:14,849 - ResourceCache : initialized. (class org.apache.velocity.runtime.resource.ResourceCacheImpl)
2018-02-08 13:16:14,849 - Default ResourceManager initialization complete.
2018-02-08 13:16:14,852 - Loaded System Directive: org.apache.velocity.runtime.directive.Literal
2018-02-08 13:16:14,855 - Loaded System Directive: org.apache.velocity.runtime.directive.Macro
2018-02-08 13:16:14,858 - Loaded System Directive: org.apache.velocity.runtime.directive.Parse
2018-02-08 13:16:14,861 - Loaded System Directive: org.apache.velocity.runtime.directive.Include
2018-02-08 13:16:14,862 - Loaded System Directive: org.apache.velocity.runtime.directive.Foreach
2018-02-08 13:16:14,892 - Created: 20 parsers.
2018-02-08 13:16:14,902 - Velocimacro : initialization starting.
2018-02-08 13:16:14,903 - Velocimacro : adding VMs from VM library template : VM_global_library.vm
2018-02-08 13:16:14,907 - ResourceManager : unable to find resource 'VM_global_library.vm' in any resource loader.
2018-02-08 13:16:14,907 - Velocimacro : error using  VM library template VM_global_library.vm : org.apache.velocity.exception.ResourceNotFoundException: Unable to find resource 'VM_global_library.vm'
2018-02-08 13:16:14,907 - Velocimacro :  VM library template macro registration complete.
2018-02-08 13:16:14,907 - Velocimacro : allowInline = true : VMs can be defined inline in templates
2018-02-08 13:16:14,907 - Velocimacro : allowInlineToOverride = false : VMs defined inline may NOT replace previous VM definitions
2018-02-08 13:16:14,907 - Velocimacro : allowInlineLocal = false : VMs defined inline will be  global in scope if allowed.
2018-02-08 13:16:14,907 - Velocimacro : messages on  : VM system will output logging messages
2018-02-08 13:16:14,907 - Velocimacro : autoload off  : VM system will not automatically reload global library macros
2018-02-08 13:16:14,907 - Velocimacro : initialization complete.
2018-02-08 13:16:14,908 - Velocity successfully started.
2018-02-08 13:17:35,624 - ResourceManager : found repast/simphony/scenario/Scenario.vt with loader org.apache.velocity.runtime.resource.loader.ClasspathResourceLoader
2018-02-08 13:21:13,153 - SimpleLog4JLogSystem initialized using logfile 'velocity.log'
2018-02-08 13:21:13,153 - ************************************************************** 
2018-02-08 13:21:13,153 - Starting Jakarta Velocity v1.4
2018-02-08 13:21:13,153 - RuntimeInstance initializing.
2018-02-08 13:21:13,153 - Default Properties File: org/apache/velocity/runtime/defaults/velocity.properties
2018-02-08 13:21:13,154 - Trying to use logger class org.apache.velocity.runtime.log.SimpleLog4JLogSystem
2018-02-08 13:21:13,154 - Using logger class org.apache.velocity.runtime.log.SimpleLog4JLogSystem
2018-02-08 13:21:13,156 - Default ResourceManager initializing. (class org.apache.velocity.runtime.resource.ResourceManagerImpl)
2018-02-08 13:21:13,159 - Resource Loader Instantiated: org.apache.velocity.runtime.resource.loader.ClasspathResourceLoader
2018-02-08 13:21:13,159 - ClasspathResourceLoader : initialization starting.
2018-02-08 13:21:13,159 - ClasspathResourceLoader : initialization complete.
2018-02-08 13:21:13,161 - ResourceCache : initialized. (class org.apache.velocity.runtime.resource.ResourceCacheImpl)
2018-02-08 13:21:13,161 - Default ResourceManager initialization complete.
2018-02-08 13:21:13,163 - Loaded System Directive: org.apache.velocity.runtime.directive.Literal
2018-02-08 13:21:13,165 - Loaded System Directive: org.apache.velocity.runtime.directive.Macro
2018-02-08 13:21:13,167 - Loaded System Directive: org.apache.velocity.runtime.directive.Parse
2018-02-08 13:21:13,169 - Loaded System Directive: org.apache.velocity.runtime.directive.Include
2018-02-08 13:21:13,170 - Loaded System Directive: org.apache.velocity.runtime.directive.Foreach
2018-02-08 13:21:13,193 - Created: 20 parsers.
2018-02-08 13:21:13,200 - Velocimacro : initialization starting.
2018-02-08 13:21:13,200 - Velocimacro : adding VMs from VM library template : VM_global_library.vm
2018-02-08 13:21:13,206 - ResourceManager : unable to find resource 'VM_global_library.vm' in any resource loader.
2018-02-08 13:21:13,206 - Velocimacro : error using  VM library template VM_global_library.vm : org.apache.velocity.exception.ResourceNotFoundException: Unable to find resource 'VM_global_library.vm'
2018-02-08 13:21:13,206 - Velocimacro :  VM library template macro registration complete.
2018-02-08 13:21:13,206 - Velocimacro : allowInline = true : VMs can be defined inline in templates
2018-02-08 13:21:13,206 - Velocimacro : allowInlineToOverride = false : VMs defined inline may NOT replace previous VM definitions
2018-02-08 13:21:13,206 - Velocimacro : allowInlineLocal = false : VMs defined inline will be  global in scope if allowed.
2018-02-08 13:21:13,206 - Velocimacro : messages on  : VM system will output logging messages
2018-02-08 13:21:13,206 - Velocimacro : autoload off  : VM system will not automatically reload global library macros
2018-02-08 13:21:13,206 - Velocimacro : initialization complete.
2018-02-08 13:21:13,206 - Velocity successfully started.
2018-02-08 13:21:48,158 - SimpleLog4JLogSystem initialized using logfile 'velocity.log'
2018-02-08 13:21:48,158 - ************************************************************** 
2018-02-08 13:21:48,158 - Starting Jakarta Velocity v1.4
2018-02-08 13:21:48,158 - RuntimeInstance initializing.
2018-02-08 13:21:48,158 - Default Properties File: org/apache/velocity/runtime/defaults/velocity.properties
2018-02-08 13:21:48,159 - Trying to use logger class org.apache.velocity.runtime.log.SimpleLog4JLogSystem
2018-02-08 13:21:48,159 - Using logger class org.apache.velocity.runtime.log.SimpleLog4JLogSystem
2018-02-08 13:21:48,165 - Default ResourceManager initializing. (class org.apache.velocity.runtime.resource.ResourceManagerImpl)
2018-02-08 13:21:48,171 - Resource Loader Instantiated: org.apache.velocity.runtime.resource.loader.ClasspathResourceLoader
2018-02-08 13:21:48,171 - ClasspathResourceLoader : initialization starting.
2018-02-08 13:21:48,171 - ClasspathResourceLoader : initialization complete.
2018-02-08 13:21:48,175 - ResourceCache : initialized. (class org.apache.velocity.runtime.resource.ResourceCacheImpl)
2018-02-08 13:21:48,175 - Default ResourceManager initialization complete.
2018-02-08 13:21:48,179 - Loaded System Directive: org.apache.velocity.runtime.directive.Literal
2018-02-08 13:21:48,183 - Loaded System Directive: org.apache.velocity.runtime.directive.Macro
2018-02-08 13:21:48,188 - Loaded System Directive: org.apache.velocity.runtime.directive.Parse
2018-02-08 13:21:48,192 - Loaded System Directive: org.apache.velocity.runtime.directive.Include
2018-02-08 13:21:48,194 - Loaded System Directive: org.apache.velocity.runtime.directive.Foreach
2018-02-08 13:21:48,248 - Created: 20 parsers.
2018-02-08 13:21:48,265 - Velocimacro : initialization starting.
2018-02-08 13:21:48,265 - Velocimacro : adding VMs from VM library template : VM_global_library.vm
2018-02-08 13:21:48,273 - ResourceManager : unable to find resource 'VM_global_library.vm' in any resource loader.
2018-02-08 13:21:48,273 - Velocimacro : error using  VM library template VM_global_library.vm : org.apache.velocity.exception.ResourceNotFoundException: Unable to find resource 'VM_global_library.vm'
2018-02-08 13:21:48,273 - Velocimacro :  VM library template macro registration complete.
2018-02-08 13:21:48,273 - Velocimacro : allowInline = true : VMs can be defined inline in templates
2018-02-08 13:21:48,273 - Velocimacro : allowInlineToOverride = false : VMs defined inline may NOT replace previous VM definitions
2018-02-08 13:21:48,273 - Velocimacro : allowInlineLocal = false : VMs defined inline will be  global in scope if allowed.
2018-02-08 13:21:48,273 - Velocimacro : messages on  : VM system will output logging messages
2018-02-08 13:21:48,273 - Velocimacro : autoload off  : VM system will not automatically reload global library macros
2018-02-08 13:21:48,273 - Velocimacro : initialization complete.
2018-02-08 13:21:48,273 - Velocity successfully started.
2018-02-08 13:22:21,317 - SimpleLog4JLogSystem initialized using logfile 'velocity.log'
2018-02-08 13:22:21,317 - ************************************************************** 
2018-02-08 13:22:21,317 - Starting Jakarta Velocity v1.4
2018-02-08 13:22:21,317 - RuntimeInstance initializing.
2018-02-08 13:22:21,317 - Default Properties File: org/apache/velocity/runtime/defaults/velocity.properties
2018-02-08 13:22:21,317 - Trying to use logger class org.apache.velocity.runtime.log.SimpleLog4JLogSystem
2018-02-08 13:22:21,317 - Using logger class org.apache.velocity.runtime.log.SimpleLog4JLogSystem
2018-02-08 13:22:21,321 - Default ResourceManager initializing. (class org.apache.velocity.runtime.resource.ResourceManagerImpl)
2018-02-08 13:22:21,325 - Resource Loader Instantiated: org.apache.velocity.runtime.resource.loader.ClasspathResourceLoader
2018-02-08 13:22:21,325 - ClasspathResourceLoader : initialization starting.
2018-02-08 13:22:21,325 - ClasspathResourceLoader : initialization complete.
2018-02-08 13:22:21,328 - ResourceCache : initialized. (class org.apache.velocity.runtime.resource.ResourceCacheImpl)
2018-02-08 13:22:21,328 - Default ResourceManager initialization complete.
2018-02-08 13:22:21,331 - Loaded System Directive: org.apache.velocity.runtime.directive.Literal
2018-02-08 13:22:21,333 - Loaded System Directive: org.apache.velocity.runtime.directive.Macro
2018-02-08 13:22:21,337 - Loaded System Directive: org.apache.velocity.runtime.directive.Parse
2018-02-08 13:22:21,340 - Loaded System Directive: org.apache.velocity.runtime.directive.Include
2018-02-08 13:22:21,341 - Loaded System Directive: org.apache.velocity.runtime.directive.Foreach
2018-02-08 13:22:21,370 - Created: 20 parsers.
2018-02-08 13:22:21,381 - Velocimacro : initialization starting.
2018-02-08 13:22:21,381 - Velocimacro : adding VMs from VM library template : VM_global_library.vm
2018-02-08 13:22:21,386 - ResourceManager : unable to find resource 'VM_global_library.vm' in any resource loader.
2018-02-08 13:22:21,386 - Velocimacro : error using  VM library template VM_global_library.vm : org.apache.velocity.exception.ResourceNotFoundException: Unable to find resource 'VM_global_library.vm'
2018-02-08 13:22:21,386 - Velocimacro :  VM library template macro registration complete.
2018-02-08 13:22:21,386 - Velocimacro : allowInline = true : VMs can be defined inline in templates
2018-02-08 13:22:21,386 - Velocimacro : allowInlineToOverride = false : VMs defined inline may NOT replace previous VM definitions
2018-02-08 13:22:21,386 - Velocimacro : allowInlineLocal = false : VMs defined inline will be  global in scope if allowed.
2018-02-08 13:22:21,386 - Velocimacro : messages on  : VM system will output logging messages
2018-02-08 13:22:21,386 - Velocimacro : autoload off  : VM system will not automatically reload global library macros
2018-02-08 13:22:21,386 - Velocimacro : initialization complete.
2018-02-08 13:22:21,386 - Velocity successfully started.
2018-02-08 13:24:31,035 - SimpleLog4JLogSystem initialized using logfile 'velocity.log'
2018-02-08 13:24:31,036 - ************************************************************** 
2018-02-08 13:24:31,036 - Starting Jakarta Velocity v1.4
2018-02-08 13:24:31,036 - RuntimeInstance initializing.
2018-02-08 13:24:31,036 - Default Properties File: org/apache/velocity/runtime/defaults/velocity.properties
2018-02-08 13:24:31,036 - Trying to use logger class org.apache.velocity.runtime.log.SimpleLog4JLogSystem
2018-02-08 13:24:31,036 - Using logger class org.apache.velocity.runtime.log.SimpleLog4JLogSystem
2018-02-08 13:24:31,042 - Default ResourceManager initializing. (class org.apache.velocity.runtime.resource.ResourceManagerImpl)
2018-02-08 13:24:31,047 - Resource Loader Instantiated: org.apache.velocity.runtime.resource.loader.ClasspathResourceLoader
2018-02-08 13:24:31,047 - ClasspathResourceLoader : initialization starting.
2018-02-08 13:24:31,047 - ClasspathResourceLoader : initialization complete.
2018-02-08 13:24:31,050 - ResourceCache : initialized. (class org.apache.velocity.runtime.resource.ResourceCacheImpl)
2018-02-08 13:24:31,050 - Default ResourceManager initialization complete.
2018-02-08 13:24:31,054 - Loaded System Directive: org.apache.velocity.runtime.directive.Literal
2018-02-08 13:24:31,057 - Loaded System Directive: org.apache.velocity.runtime.directive.Macro
2018-02-08 13:24:31,062 - Loaded System Directive: org.apache.velocity.runtime.directive.Parse
2018-02-08 13:24:31,065 - Loaded System Directive: org.apache.velocity.runtime.directive.Include
2018-02-08 13:24:31,066 - Loaded System Directive: org.apache.velocity.runtime.directive.Foreach
2018-02-08 13:24:31,100 - Created: 20 parsers.
2018-02-08 13:24:31,116 - Velocimacro : initialization starting.
2018-02-08 13:24:31,116 - Velocimacro : adding VMs from VM library template : VM_global_library.vm
2018-02-08 13:24:31,121 - ResourceManager : unable to find resource 'VM_global_library.vm' in any resource loader.
2018-02-08 13:24:31,121 - Velocimacro : error using  VM library template VM_global_library.vm : org.apache.velocity.exception.ResourceNotFoundException: Unable to find resource 'VM_global_library.vm'
2018-02-08 13:24:31,121 - Velocimacro :  VM library template macro registration complete.
2018-02-08 13:24:31,121 - Velocimacro : allowInline = true : VMs can be defined inline in templates
2018-02-08 13:24:31,121 - Velocimacro : allowInlineToOverride = false : VMs defined inline may NOT replace previous VM definitions
2018-02-08 13:24:31,122 - Velocimacro : allowInlineLocal = false : VMs defined inline will be  global in scope if allowed.
2018-02-08 13:24:31,122 - Velocimacro : messages on  : VM system will output logging messages
2018-02-08 13:24:31,122 - Velocimacro : autoload off  : VM system will not automatically reload global library macros
2018-02-08 13:24:31,122 - Velocimacro : initialization complete.
2018-02-08 13:24:31,122 - Velocity successfully started.
2018-02-08 13:27:00,068 - SimpleLog4JLogSystem initialized using logfile 'velocity.log'
2018-02-08 13:27:00,069 - ************************************************************** 
2018-02-08 13:27:00,069 - Starting Jakarta Velocity v1.4
2018-02-08 13:27:00,069 - RuntimeInstance initializing.
2018-02-08 13:27:00,069 - Default Properties File: org/apache/velocity/runtime/defaults/velocity.properties
2018-02-08 13:27:00,069 - Trying to use logger class org.apache.velocity.runtime.log.SimpleLog4JLogSystem
2018-02-08 13:27:00,069 - Using logger class org.apache.velocity.runtime.log.SimpleLog4JLogSystem
2018-02-08 13:27:00,073 - Default ResourceManager initializing. (class org.apache.velocity.runtime.resource.ResourceManagerImpl)
2018-02-08 13:27:00,077 - Resource Loader Instantiated: org.apache.velocity.runtime.resource.loader.ClasspathResourceLoader
2018-02-08 13:27:00,077 - ClasspathResourceLoader : initialization starting.
2018-02-08 13:27:00,077 - ClasspathResourceLoader : initialization complete.
2018-02-08 13:27:00,079 - ResourceCache : initialized. (class org.apache.velocity.runtime.resource.ResourceCacheImpl)
2018-02-08 13:27:00,079 - Default ResourceManager initialization complete.
2018-02-08 13:27:00,083 - Loaded System Directive: org.apache.velocity.runtime.directive.Literal
2018-02-08 13:27:00,085 - Loaded System Directive: org.apache.velocity.runtime.directive.Macro
2018-02-08 13:27:00,088 - Loaded System Directive: org.apache.velocity.runtime.directive.Parse
2018-02-08 13:27:00,091 - Loaded System Directive: org.apache.velocity.runtime.directive.Include
2018-02-08 13:27:00,092 - Loaded System Directive: org.apache.velocity.runtime.directive.Foreach
2018-02-08 13:27:00,120 - Created: 20 parsers.
2018-02-08 13:27:00,139 - Velocimacro : initialization starting.
2018-02-08 13:27:00,139 - Velocimacro : adding VMs from VM library template : VM_global_library.vm
2018-02-08 13:27:00,143 - ResourceManager : unable to find resource 'VM_global_library.vm' in any resource loader.
2018-02-08 13:27:00,143 - Velocimacro : error using  VM library template VM_global_library.vm : org.apache.velocity.exception.ResourceNotFoundException: Unable to find resource 'VM_global_library.vm'
2018-02-08 13:27:00,143 - Velocimacro :  VM library template macro registration complete.
2018-02-08 13:27:00,143 - Velocimacro : allowInline = true : VMs can be defined inline in templates
2018-02-08 13:27:00,144 - Velocimacro : allowInlineToOverride = false : VMs defined inline may NOT replace previous VM definitions
2018-02-08 13:27:00,144 - Velocimacro : allowInlineLocal = false : VMs defined inline will be  global in scope if allowed.
2018-02-08 13:27:00,144 - Velocimacro : messages on  : VM system will output logging messages
2018-02-08 13:27:00,144 - Velocimacro : autoload off  : VM system will not automatically reload global library macros
2018-02-08 13:27:00,144 - Velocimacro : initialization complete.
2018-02-08 13:27:00,144 - Velocity successfully started.
2018-02-08 13:31:44,211 - SimpleLog4JLogSystem initialized using logfile 'velocity.log'
2018-02-08 13:31:44,212 - ************************************************************** 
2018-02-08 13:31:44,212 - Starting Jakarta Velocity v1.4
2018-02-08 13:31:44,212 - RuntimeInstance initializing.
2018-02-08 13:31:44,212 - Default Properties File: org/apache/velocity/runtime/defaults/velocity.properties
2018-02-08 13:31:44,212 - Trying to use logger class org.apache.velocity.runtime.log.SimpleLog4JLogSystem
2018-02-08 13:31:44,212 - Using logger class org.apache.velocity.runtime.log.SimpleLog4JLogSystem
2018-02-08 13:31:44,216 - Default ResourceManager initializing. (class org.apache.velocity.runtime.resource.ResourceManagerImpl)
2018-02-08 13:31:44,221 - Resource Loader Instantiated: org.apache.velocity.runtime.resource.loader.ClasspathResourceLoader
2018-02-08 13:31:44,221 - ClasspathResourceLoader : initialization starting.
2018-02-08 13:31:44,221 - ClasspathResourceLoader : initialization complete.
2018-02-08 13:31:44,224 - ResourceCache : initialized. (class org.apache.velocity.runtime.resource.ResourceCacheImpl)
2018-02-08 13:31:44,224 - Default ResourceManager initialization complete.
2018-02-08 13:31:44,227 - Loaded System Directive: org.apache.velocity.runtime.directive.Literal
2018-02-08 13:31:44,229 - Loaded System Directive: org.apache.velocity.runtime.directive.Macro
2018-02-08 13:31:44,233 - Loaded System Directive: org.apache.velocity.runtime.directive.Parse
2018-02-08 13:31:44,236 - Loaded System Directive: org.apache.velocity.runtime.directive.Include
2018-02-08 13:31:44,238 - Loaded System Directive: org.apache.velocity.runtime.directive.Foreach
2018-02-08 13:31:44,276 - Created: 20 parsers.
2018-02-08 13:31:44,288 - Velocimacro : initialization starting.
2018-02-08 13:31:44,288 - Velocimacro : adding VMs from VM library template : VM_global_library.vm
2018-02-08 13:31:44,293 - ResourceManager : unable to find resource 'VM_global_library.vm' in any resource loader.
2018-02-08 13:31:44,293 - Velocimacro : error using  VM library template VM_global_library.vm : org.apache.velocity.exception.ResourceNotFoundException: Unable to find resource 'VM_global_library.vm'
2018-02-08 13:31:44,293 - Velocimacro :  VM library template macro registration complete.
2018-02-08 13:31:44,293 - Velocimacro : allowInline = true : VMs can be defined inline in templates
2018-02-08 13:31:44,293 - Velocimacro : allowInlineToOverride = false : VMs defined inline may NOT replace previous VM definitions
2018-02-08 13:31:44,293 - Velocimacro : allowInlineLocal = false : VMs defined inline will be  global in scope if allowed.
2018-02-08 13:31:44,293 - Velocimacro : messages on  : VM system will output logging messages
2018-02-08 13:31:44,293 - Velocimacro : autoload off  : VM system will not automatically reload global library macros
2018-02-08 13:31:44,293 - Velocimacro : initialization complete.
2018-02-08 13:31:44,293 - Velocity successfully started.
2018-02-08 13:41:25,689 - SimpleLog4JLogSystem initialized using logfile 'velocity.log'
2018-02-08 13:41:25,689 - ************************************************************** 
2018-02-08 13:41:25,689 - Starting Jakarta Velocity v1.4
2018-02-08 13:41:25,689 - RuntimeInstance initializing.
2018-02-08 13:41:25,689 - Default Properties File: org/apache/velocity/runtime/defaults/velocity.properties
2018-02-08 13:41:25,689 - Trying to use logger class org.apache.velocity.runtime.log.SimpleLog4JLogSystem
2018-02-08 13:41:25,689 - Using logger class org.apache.velocity.runtime.log.SimpleLog4JLogSystem
2018-02-08 13:41:25,693 - Default ResourceManager initializing. (class org.apache.velocity.runtime.resource.ResourceManagerImpl)
2018-02-08 13:41:25,697 - Resource Loader Instantiated: org.apache.velocity.runtime.resource.loader.ClasspathResourceLoader
2018-02-08 13:41:25,697 - ClasspathResourceLoader : initialization starting.
2018-02-08 13:41:25,697 - ClasspathResourceLoader : initialization complete.
2018-02-08 13:41:25,699 - ResourceCache : initialized. (class org.apache.velocity.runtime.resource.ResourceCacheImpl)
2018-02-08 13:41:25,699 - Default ResourceManager initialization complete.
2018-02-08 13:41:25,703 - Loaded System Directive: org.apache.velocity.runtime.directive.Literal
2018-02-08 13:41:25,705 - Loaded System Directive: org.apache.velocity.runtime.directive.Macro
2018-02-08 13:41:25,709 - Loaded System Directive: org.apache.velocity.runtime.directive.Parse
2018-02-08 13:41:25,711 - Loaded System Directive: org.apache.velocity.runtime.directive.Include
2018-02-08 13:41:25,713 - Loaded System Directive: org.apache.velocity.runtime.directive.Foreach
2018-02-08 13:41:25,755 - Created: 20 parsers.
2018-02-08 13:41:25,767 - Velocimacro : initialization starting.
2018-02-08 13:41:25,767 - Velocimacro : adding VMs from VM library template : VM_global_library.vm
2018-02-08 13:41:25,772 - ResourceManager : unable to find resource 'VM_global_library.vm' in any resource loader.
2018-02-08 13:41:25,773 - Velocimacro : error using  VM library template VM_global_library.vm : org.apache.velocity.exception.ResourceNotFoundException: Unable to find resource 'VM_global_library.vm'
2018-02-08 13:41:25,773 - Velocimacro :  VM library template macro registration complete.
2018-02-08 13:41:25,773 - Velocimacro : allowInline = true : VMs can be defined inline in templates
2018-02-08 13:41:25,773 - Velocimacro : allowInlineToOverride = false : VMs defined inline may NOT replace previous VM definitions
2018-02-08 13:41:25,773 - Velocimacro : allowInlineLocal = false : VMs defined inline will be  global in scope if allowed.
2018-02-08 13:41:25,773 - Velocimacro : messages on  : VM system will output logging messages
2018-02-08 13:41:25,773 - Velocimacro : autoload off  : VM system will not automatically reload global library macros
2018-02-08 13:41:25,773 - Velocimacro : initialization complete.
2018-02-08 13:41:25,773 - Velocity successfully started.
2018-02-08 13:43:00,085 - ResourceManager : found repast/simphony/scenario/Scenario.vt with loader org.apache.velocity.runtime.resource.loader.ClasspathResourceLoader
2018-02-08 13:46:01,535 - ResourceManager : found repast/simphony/scenario/Scenario.vt with loader org.apache.velocity.runtime.resource.loader.ClasspathResourceLoader
